Running: /data/Xilinx/14.7/ISE_DS/ISE/bin/lin64/unwrapped/fuse -relaunch -intstyle "ise" -incremental -lib "unisims_ver" -lib "unimacro_ver" -lib "xilinxcorelib_ver" -lib "secureip" -o "/home/cscdev/JerryX/OTMB/PRBS_LED/strobe_converter_tb_isim_beh.exe" -prj "/home/cscdev/JerryX/OTMB/PRBS_LED/strobe_converter_tb_beh.prj" "work.strobe_converter_tb" "work.glbl" 
ISim P.20131013 (signature 0xfbc00daa)
Number of CPUs detected in this system: 16
Turning on mult-threading, number of parallel sub-compilation jobs: 32 
Determining compilation order of HDL files
Analyzing Verilog file "/home/cscdev/JerryX/OTMB/PRBS_LED/strobe_converter.v" into library work
Analyzing Verilog file "/home/cscdev/JerryX/OTMB/PRBS_LED/strobe_converter_tb.v" into library work
Analyzing Verilog file "/data/Xilinx/14.7/ISE_DS/ISE//verilog/src/glbl.v" into library work
Starting static elaboration
Completed static elaboration
Fuse Memory Usage: 94632 KB
Fuse CPU Usage: 890 ms
Compiling module strobe_converter
Compiling module strobe_converter_tb
Compiling module glbl
Time Resolution for simulation is 1ps.
Waiting for 1 sub-compilation(s) to finish...
Compiled 3 Verilog Units
Built simulation executable /home/cscdev/JerryX/OTMB/PRBS_LED/strobe_converter_tb_isim_beh.exe
Fuse Memory Usage: 2227696 KB
Fuse CPU Usage: 900 ms
GCC CPU Usage: 130 ms
