Release 14.7 Map P.20131013 (lin64)
Xilinx Mapping Report File for Design 'Top'

Design Information
------------------
Command Line   : map -intstyle ise -p xc6vlx240t-ff1156-2 -w -logic_opt off -ol
high -t 1 -xt 0 -register_duplication off -r 4 -global_opt off -mt off -ir off
-pr off -lc off -power off -o Top_map.ncd Top.ngd Top.pcf 
Target Device  : xc6vlx240t
Target Package : ff1156
Target Speed   : -2
Mapper Version : virtex6 -- $Revision: 1.55 $
Mapped Date    : Fri Oct 25 12:41:39 2024

Design Summary
--------------
Number of errors:      0
Number of warnings:    1
Slice Logic Utilization:
  Number of Slice Registers:                    81 out of 301,440    1%
    Number used as Flip Flops:                  80
    Number used as Latches:                      1
    Number used as Latch-thrus:                  0
    Number used as AND/OR logics:                0
  Number of Slice LUTs:                        133 out of 150,720    1%
    Number used as logic:                      129 out of 150,720    1%
      Number using O6 output only:              35
      Number using O5 output only:              50
      Number using O5 and O6:                   44
      Number used as ROM:                        0
    Number used as Memory:                       2 out of  58,400    1%
      Number used as Dual Port RAM:              0
      Number used as Single Port RAM:            0
      Number used as Shift Register:             2
        Number using O6 output only:             2
        Number using O5 output only:             0
        Number using O5 and O6:                  0
    Number used exclusively as route-thrus:      2
      Number with same-slice register load:      0
      Number with same-slice carry load:         2
      Number with other load:                    0

Slice Logic Distribution:
  Number of occupied Slices:                    55 out of  37,680    1%
  Number of LUT Flip Flop pairs used:          135
    Number with an unused Flip Flop:            59 out of     135   43%
    Number with an unused LUT:                   2 out of     135    1%
    Number of fully used LUT-FF pairs:          74 out of     135   54%
    Number of unique control sets:              13
    Number of slice register sites lost
      to control set restrictions:              61 out of 301,440    1%

  A LUT Flip Flop pair for this architecture represents one LUT paired with
  one Flip Flop within a slice.  A control set is a unique combination of
  clock, reset, set, and enable signals for a registered element.
  The Slice Logic Distribution report is not meaningful if the design is
  over-mapped for a non-slice resource or if Placement fails.
  OVERMAPPING of BRAM resources should be ignored if the design is
  over-mapped for a non-BRAM resource or if placement fails.

IO Utilization:
  Number of bonded IOBs:                        63 out of     600   10%
    Number of LOCed IOBs:                       63 out of      63  100%
    IOB Flip Flops:                              7
    Number of bonded IPADs:                     18
      Number of LOCed IPADs:                    18 out of      18  100%
    Number of bonded OPADs:                     16
      Number of LOCed OPADs:                    16 out of      16  100%

Specific Feature Utilization:
  Number of RAMB36E1/FIFO36E1s:                  0 out of     416    0%
  Number of RAMB18E1/FIFO18E1s:                  0 out of     832    0%
  Number of BUFG/BUFGCTRLs:                      3 out of      32    9%
    Number used as BUFGs:                        3
    Number used as BUFGCTRLs:                    0
  Number of ILOGICE1/ISERDESE1s:                 7 out of     720    1%
    Number used as ILOGICE1s:                    7
    Number used as ISERDESE1s:                   0
  Number of OLOGICE1/OSERDESE1s:                 0 out of     720    0%
  Number of BSCANs:                              0 out of       4    0%
  Number of BUFHCEs:                             0 out of     144    0%
  Number of BUFIODQSs:                           0 out of      72    0%
  Number of BUFRs:                               0 out of      36    0%
  Number of CAPTUREs:                            0 out of       1    0%
  Number of DSP48E1s:                            0 out of     768    0%
  Number of EFUSE_USRs:                          0 out of       1    0%
  Number of FRAME_ECCs:                          0 out of       1    0%
  Number of GTXE1s:                             10 out of      20   50%
    Number of LOCed GTXE1s:                      2 out of      10   20%
  Number of IBUFDS_GTXE1s:                       1 out of      12    8%
  Number of ICAPs:                               0 out of       2    0%
  Number of IDELAYCTRLs:                         0 out of      18    0%
  Number of IODELAYE1s:                          0 out of     720    0%
  Number of MMCM_ADVs:                           0 out of      12    0%
  Number of PCIE_2_0s:                           0 out of       2    0%
  Number of STARTUPs:                            1 out of       1  100%
  Number of SYSMONs:                             0 out of       1    0%
  Number of TEMAC_SINGLEs:                       0 out of       4    0%

Average Fanout of Non-Clock Nets:                2.43

Peak Memory Usage:  1293 MB
Total REAL time to MAP completion:  31 secs 
Total CPU time to MAP completion:   30 secs 

Table of Contents
-----------------
Section 1 - Errors
Section 2 - Warnings
Section 3 - Informational
Section 4 - Removed Logic Summary
Section 5 - Removed Logic
Section 6 - IOB Properties
Section 7 - RPMs
Section 8 - Guide Report
Section 9 - Area Group and Partition Summary
Section 10 - Timing Report
Section 11 - Configuration String Information
Section 12 - Control Set Information
Section 13 - Utilization by Hierarchy

Section 1 - Errors
------------------

Section 2 - Warnings
--------------------
WARNING:Security:42 - Your software subscription period has lapsed. Your current
version of Xilinx tools will continue to function, but you no longer qualify for
Xilinx software updates or new releases.
WARNING:PhysDesignRules:372 - Gated clock. Clock net _n0176 is sourced by a
   combinatorial pin. This is not good design practice. Use the CE pin to
   control the loading of data into the flip-flop.

Section 3 - Informational
-------------------------
INFO:Security:56 - Part 'xc6vlx240t' is not a WebPack part.
INFO:LIT:243 - Logical network _ccb_rx<50>_IBUF has no load.
INFO:LIT:395 - The above info message is repeated 43 more times for the
   following (max. 5 shown):
   _ccb_rx<49>_IBUF,
   _ccb_rx<48>_IBUF,
   _ccb_rx<47>_IBUF,
   _ccb_rx<46>_IBUF,
   _ccb_rx<45>_IBUF
   To see the details of these info messages, please use the -detail switch.
INFO:MapLib:562 - No environment variables are currently set.
INFO:LIT:244 - All of the single ended outputs in this design are using slew
   rate limited output drivers. The delay on speed critical single ended outputs
   can be dramatically reduced by designating them as fast outputs.
INFO:Pack:1716 - Initializing temperature to 85.000 Celsius. (default - Range:
   0.000 to 85.000 Celsius)
INFO:Pack:1720 - Initializing voltage to 0.950 Volts. (default - Range: 0.950 to
   1.050 Volts)
INFO:Map:215 - The Interim Design Summary has been generated in the MAP Report
   (.mrp).
INFO:Pack:1650 - Map created a placed design.

Section 4 - Removed Logic Summary
---------------------------------
   1 block(s) removed
   2 block(s) optimized away

Section 5 - Removed Logic
-------------------------

The trimmed logic report below shows the logic removed from your design due to
sourceless or loadless signals, and VCC or ground connections.  If the removal
of a signal or symbol results in the subsequent removal of an additional signal
or symbol, the message explaining that second removal will be indented.  This
indentation will be repeated as a chain of related logic is removed.

To quickly locate the original cause for the removal of a chain of logic, look
above the place where that logic is listed in the trimming report, then locate
the lines that are least indented (begin at the leftmost edge).

Loadless block "q1_clk1_refclk_bufg_i" (CKBUF) removed.

Optimized Block(s):
TYPE 		BLOCK
GND 		XST_GND
VCC 		XST_VCC

To enable printing of redundant blocks removed and signals merged, set the
detailed map report option and rerun map.

Section 6 - IOB Properties
--------------------------

+---------------------------------------------------------------------------------------------------------------------------------------------------------+
| IOB Name                           | Type             | Direction | IO Standard          | Diff  | Drive    | Slew | Reg (s)      | Resistor | IOB      |
|                                    |                  |           |                      | Term  | Strength | Rate |              |          | Delay    |
+---------------------------------------------------------------------------------------------------------------------------------------------------------+
| _ccb_rx<0>                         | IOB              | INPUT     | LVCMOS25             |       |          |      |              |          |          |
| _ccb_rx<1>                         | IOB              | INPUT     | LVCMOS25             |       |          |      |              |          |          |
| _ccb_rx<2>                         | IOB              | INPUT     | LVCMOS25             |       |          |      | IFF          |          |          |
| _ccb_rx<3>                         | IOB              | INPUT     | LVCMOS25             |       |          |      | IFF          |          |          |
| _ccb_rx<4>                         | IOB              | INPUT     | LVCMOS25             |       |          |      | IFF          |          |          |
| _ccb_rx<5>                         | IOB              | INPUT     | LVCMOS25             |       |          |      | IFF          |          |          |
| _ccb_rx<6>                         | IOB              | INPUT     | LVCMOS25             |       |          |      | IFF          |          |          |
| _ccb_rx<7>                         | IOB              | INPUT     | LVCMOS25             |       |          |      | IFF          |          |          |
| _ccb_rx<8>                         | IOB              | INPUT     | LVCMOS25             |       |          |      |              |          |          |
| _ccb_rx<9>                         | IOB              | INPUT     | LVCMOS25             |       |          |      |              |          |          |
| _ccb_rx<10>                        | IOB              | INPUT     | LVCMOS25             |       |          |      | IFF          |          |          |
| _ccb_rx<11>                        | IOB              | INPUT     | LVCMOS25             |       |          |      |              |          |          |
| _ccb_rx<12>                        | IOB              | INPUT     | LVCMOS25             |       |          |      |              |          |          |
| _ccb_rx<13>                        | IOB              | INPUT     | LVCMOS25             |       |          |      |              |          |          |
| _ccb_rx<14>                        | IOB              | INPUT     | LVCMOS25             |       |          |      |              |          |          |
| _ccb_rx<15>                        | IOB              | INPUT     | LVCMOS25             |       |          |      |              |          |          |
| _ccb_rx<16>                        | IOB              | INPUT     | LVCMOS25             |       |          |      |              |          |          |
| _ccb_rx<17>                        | IOB              | INPUT     | LVCMOS25             |       |          |      |              |          |          |
| _ccb_rx<18>                        | IOB              | INPUT     | LVCMOS25             |       |          |      |              |          |          |
| _ccb_rx<19>                        | IOB              | INPUT     | LVCMOS25             |       |          |      |              |          |          |
| _ccb_rx<20>                        | IOB              | INPUT     | LVCMOS25             |       |          |      |              |          |          |
| _ccb_rx<21>                        | IOB              | INPUT     | LVCMOS25             |       |          |      |              |          |          |
| _ccb_rx<22>                        | IOB              | INPUT     | LVCMOS25             |       |          |      |              |          |          |
| _ccb_rx<23>                        | IOB              | INPUT     | LVCMOS25             |       |          |      |              |          |          |
| _ccb_rx<24>                        | IOB              | INPUT     | LVCMOS25             |       |          |      |              |          |          |
| _ccb_rx<25>                        | IOB              | INPUT     | LVCMOS25             |       |          |      |              |          |          |
| _ccb_rx<26>                        | IOB              | INPUT     | LVCMOS25             |       |          |      |              |          |          |
| _ccb_rx<27>                        | IOB              | INPUT     | LVCMOS25             |       |          |      |              |          |          |
| _ccb_rx<28>                        | IOB              | INPUT     | LVCMOS25             |       |          |      |              |          |          |
| _ccb_rx<29>                        | IOB              | INPUT     | LVCMOS25             |       |          |      |              |          |          |
| _ccb_rx<30>                        | IOB              | INPUT     | LVCMOS25             |       |          |      |              |          |          |
| _ccb_rx<31>                        | IOB              | INPUT     | LVCMOS25             |       |          |      |              |          |          |
| _ccb_rx<32>                        | IOB              | INPUT     | LVCMOS25             |       |          |      |              |          |          |
| _ccb_rx<33>                        | IOB              | INPUT     | LVCMOS25             |       |          |      |              |          |          |
| _ccb_rx<34>                        | IOB              | INPUT     | LVCMOS25             |       |          |      |              |          |          |
| _ccb_rx<35>                        | IOB              | INPUT     | LVCMOS25             |       |          |      |              |          |          |
| _ccb_rx<36>                        | IOB              | INPUT     | LVCMOS25             |       |          |      |              |          |          |
| _ccb_rx<37>                        | IOB              | INPUT     | LVCMOS25             |       |          |      |              |          |          |
| _ccb_rx<38>                        | IOB              | INPUT     | LVCMOS25             |       |          |      |              |          |          |
| _ccb_rx<39>                        | IOB              | INPUT     | LVCMOS25             |       |          |      |              |          |          |
| _ccb_rx<40>                        | IOB              | INPUT     | LVCMOS25             |       |          |      |              |          |          |
| _ccb_rx<41>                        | IOB              | INPUT     | LVCMOS25             |       |          |      |              |          |          |
| _ccb_rx<42>                        | IOB              | INPUT     | LVCMOS25             |       |          |      |              |          |          |
| _ccb_rx<43>                        | IOB              | INPUT     | LVCMOS25             |       |          |      |              |          |          |
| _ccb_rx<44>                        | IOB              | INPUT     | LVCMOS25             |       |          |      |              |          |          |
| _ccb_rx<45>                        | IOB              | INPUT     | LVCMOS25             |       |          |      |              |          |          |
| _ccb_rx<46>                        | IOB              | INPUT     | LVCMOS25             |       |          |      |              |          |          |
| _ccb_rx<47>                        | IOB              | INPUT     | LVCMOS25             |       |          |      |              |          |          |
| _ccb_rx<48>                        | IOB              | INPUT     | LVCMOS25             |       |          |      |              |          |          |
| _ccb_rx<49>                        | IOB              | INPUT     | LVCMOS25             |       |          |      |              |          |          |
| _ccb_rx<50>                        | IOB              | INPUT     | LVCMOS25             |       |          |      |              |          |          |
| clk160n                            | IPAD             | INPUT     |                      |       |          |      |              |          |          |
| clk160p                            | IPAD             | INPUT     |                      |       |          |      |              |          |          |
| clk40n                             | IOB              | INPUT     | LVDS_25              | FALSE |          |      |              |          |          |
| clk40p                             | IOB              | INPUT     | LVDS_25              | FALSE |          |      |              |          |          |
| inject                             | IOB              | INPUT     | LVCMOS25             |       |          |      |              |          |          |
| led_fp<0>                          | IOB              | OUTPUT    | LVCMOS25             |       | 12       | SLOW |              |          |          |
| led_fp<1>                          | IOB              | OUTPUT    | LVCMOS25             |       | 12       | SLOW |              |          |          |
| led_fp<2>                          | IOB              | OUTPUT    | LVCMOS25             |       | 12       | SLOW |              |          |          |
| led_fp<3>                          | IOB              | OUTPUT    | LVCMOS25             |       | 12       | SLOW |              |          |          |
| led_fp<4>                          | IOB              | OUTPUT    | LVCMOS25             |       | 12       | SLOW |              |          |          |
| led_fp<5>                          | IOB              | OUTPUT    | LVCMOS25             |       | 12       | SLOW |              |          |          |
| led_fp<6>                          | IOB              | OUTPUT    | LVCMOS25             |       | 12       | SLOW |              |          |          |
| led_fp<7>                          | IOB              | OUTPUT    | LVCMOS25             |       | 12       | SLOW |              |          |          |
| reset                              | IOB              | INPUT     | LVCMOS25             |       |          |      |              |          |          |
| rxn<0>                             | IPAD             | INPUT     |                      |       |          |      |              |          |          |
| rxn<1>                             | IPAD             | INPUT     |                      |       |          |      |              |          |          |
| rxn<2>                             | IPAD             | INPUT     |                      |       |          |      |              |          |          |
| rxn<3>                             | IPAD             | INPUT     |                      |       |          |      |              |          |          |
| rxn<4>                             | IPAD             | INPUT     |                      |       |          |      |              |          |          |
| rxn<5>                             | IPAD             | INPUT     |                      |       |          |      |              |          |          |
| rxn<6>                             | IPAD             | INPUT     |                      |       |          |      |              |          |          |
| rxn<7>                             | IPAD             | INPUT     |                      |       |          |      |              |          |          |
| rxp<0>                             | IPAD             | INPUT     |                      |       |          |      |              |          |          |
| rxp<1>                             | IPAD             | INPUT     |                      |       |          |      |              |          |          |
| rxp<2>                             | IPAD             | INPUT     |                      |       |          |      |              |          |          |
| rxp<3>                             | IPAD             | INPUT     |                      |       |          |      |              |          |          |
| rxp<4>                             | IPAD             | INPUT     |                      |       |          |      |              |          |          |
| rxp<5>                             | IPAD             | INPUT     |                      |       |          |      |              |          |          |
| rxp<6>                             | IPAD             | INPUT     |                      |       |          |      |              |          |          |
| rxp<7>                             | IPAD             | INPUT     |                      |       |          |      |              |          |          |
| txn<0>                             | OPAD             | OUTPUT    |                      |       |          |      |              |          |          |
| txn<1>                             | OPAD             | OUTPUT    |                      |       |          |      |              |          |          |
| txn<2>                             | OPAD             | OUTPUT    |                      |       |          |      |              |          |          |
| txn<3>                             | OPAD             | OUTPUT    |                      |       |          |      |              |          |          |
| txn<4>                             | OPAD             | OUTPUT    |                      |       |          |      |              |          |          |
| txn<5>                             | OPAD             | OUTPUT    |                      |       |          |      |              |          |          |
| txn<6>                             | OPAD             | OUTPUT    |                      |       |          |      |              |          |          |
| txn<7>                             | OPAD             | OUTPUT    |                      |       |          |      |              |          |          |
| txp<0>                             | OPAD             | OUTPUT    |                      |       |          |      |              |          |          |
| txp<1>                             | OPAD             | OUTPUT    |                      |       |          |      |              |          |          |
| txp<2>                             | OPAD             | OUTPUT    |                      |       |          |      |              |          |          |
| txp<3>                             | OPAD             | OUTPUT    |                      |       |          |      |              |          |          |
| txp<4>                             | OPAD             | OUTPUT    |                      |       |          |      |              |          |          |
| txp<5>                             | OPAD             | OUTPUT    |                      |       |          |      |              |          |          |
| txp<6>                             | OPAD             | OUTPUT    |                      |       |          |      |              |          |          |
| txp<7>                             | OPAD             | OUTPUT    |                      |       |          |      |              |          |          |
+---------------------------------------------------------------------------------------------------------------------------------------------------------+

Section 7 - RPMs
----------------

Section 8 - Guide Report
------------------------
Guide not run on this design.

Section 9 - Area Group and Partition Summary
--------------------------------------------

Partition Implementation Status
-------------------------------

  No Partitions were found in this design.

-------------------------------

Area Group Information
----------------------

  No area groups were found in this design.

----------------------

Section 10 - Timing Report
--------------------------
A logic-level (pre-route) timing report can be generated by using Xilinx static
timing analysis tools, Timing Analyzer (GUI) or TRCE (command line), with the
mapped NCD and PCF files. Please note that this timing report will be generated
using estimated delay information. For accurate numbers, please generate a
timing report with the post Place and Route NCD file.

For more information about the Timing Analyzer, consult the Xilinx Timing
Analyzer Reference Manual; for more information about TRCE, consult the Xilinx
Command Line Tools User Guide "TRACE" chapter.

Section 11 - Configuration String Details
-----------------------------------------
Use the "-detail" map option to print out Configuration Strings

Section 12 - Control Set Information
------------------------------------
Use the "-detail" map option to print out Control Set Information.

Section 13 - Utilization by Hierarchy
-------------------------------------
Use the "-detail" map option to print out the Utilization by Hierarchy section.
